
ROM used: 8434 (26%)
          8434 (26%) including unused fragments

          2 Average locations per line
          9 Average locations per statement

RAM used: 1173 (57%) at main() level
          1223 (60%) worst case

Stack used: 14 worst case (out of 24 total available)

Lines Stmts  %   Files
----- ----- ---  -----
  165    81   9  main.c
   30     0   0  main.h
  429     0   0  C:\Program Files (x86)\PICC\devices\18F4550.h
  522   110  12  usb_cdc.h
 1304   321  35  C:\Program Files (x86)\PICC\drivers\pic18_usb.h
  828     0   0  C:\Program Files (x86)\PICC\drivers\usb.h
  239     0   0  C:\Program Files (x86)\PICC\drivers\usb_desc_cdc.h
  912   229  25  C:\Program Files (x86)\PICC\drivers\usb.c
   28    85   9  C:\Program Files (x86)\PICC\drivers\ctype.h
   88    23   2  C:\Program Files (x86)\PICC\drivers\2404.C
  165    72   8  mod_lcd.c
----- -----
 4710   921 Total

Page ROM  %  RAM   Vol Diff  Functions:
---- --- --- ---   --- ----  ----------
0     40   0   1             @delay_ms1
0     34   0   1             @delay_us1
0     32   0   0             @const141
0     32   0   0             @const143
0     48   0   0             @const145
0     66   0   0             @const147
0     40   0   1   149  2.6  usb_detach
0     34   0   0   138  2.1  usb_attach
0     36   0   1   346  4.6  usb_task
0     14   0   0    61  2.5  usb_init
0    222   1   7  1224  5.9  usb_flush_in
0    166   1  14   584  7.5  usb_put_packet
0    230   1   7   940  5.4  usb_flush_out
0     40   0   1    52  2.1  usb_rx_packet_size
0     68   0   4   235  4.5  usb_stall_ep
0     66   0   4   242  4.6  usb_unstall_ep
0     84   0   3   343  5.8  usb_endpoint_stalled
0     22   0   1    88  2.7  usb_set_address
0    402   2  10  1575  8.9  usb_set_configured
0    106   1   0   448  3.7  usb_isr
0      6   0   0    25  1.2  usb_isr_sof
0     44   0   3   142  3.9  usb_disable_endpoints
0     42   0   0   318  4.6  usb_isr_rst
0     30   0   0   343  3.1  usb_init_ep0_setup
0      8   0   0    47  1.5  usb_isr_uerr
0     10   0   0    54  1.5  usb_isr_uidle
0     10   0   0    54  1.5  usb_isr_activity
0     14   0   0   147  3.4  usb_isr_stall
0    202   1   2  1217  7.3  usb_isr_tok_dne
0      6   0   1    25  1.6  usb_request_send_response
0      6   0   0    22  1.2  usb_request_get_data
0      6   0   0    25  0.8  usb_request_stall
0     84   0   0             @const268
0     18   0   0             @const270
0     34   0   0             @const276
0     58   0   0             @const279
0     40   0   3   239  4.0  usb_token_reset
0     78   0   4   201  4.9  usb_endpoint_is_valid
0     34   0   1   204  3.1  usb_isr_tok_in_dne
0     50   0   1   152  3.0  usb_isr_tok_out_dne
0     42   0   0   310  5.4  usb_isr_tok_setup_dne
0    162   1   0  1131  8.2  usb_isr_tkn_setup_StandardDevice
0    150   1   3   691  7.7  usb_isr_tkn_setup_StandardInterface
0     96   1   0   519  5.2  usb_isr_tkn_setup_StandardEndpoint
0    118   1   1   618  7.2  usb_Get_Descriptor
0     14   0   0    76  1.8  usb_finish_set_address
0    132   1   5   554  8.5  usb_copy_desc_seg_to_ep
0     92   1   0   364  5.6  usb_isr_tok_out_cdc_control_dne
0    162   1   0   840  7.7  usb_isr_tkn_cdc
0     18   0   0   112  2.2  usb_isr_tok_out_cdc_data_dne
0     14   0   0    59  2.1  usb_isr_tok_in_cdc_data_dne
0     32   0   0   106  2.5  usb_cdc_flush_out_buffer
0     36   0   0   280  2.3  usb_cdc_init
0     64   0   2   251  5.9  usb_cdc_getc
0     68   0   5   223  4.1  usb_cdc_putc_fast
0     36   0   1   112  1.3  usb_cdc_putc
0    104   1   3             @I2C_READ_1
0    108   1   1             @I2C_WRITE_1
0      8   0   0    32  1.0  init_ext_eeprom
0     92   1   1    84  2.4  ext_eeprom_ready
0    136   1   5   200  4.5  write_ext_eeprom
0    230   1   5   357  3.9  read_ext_eeprom
0     30   0   0             @const356
0     58   0   1   260  1.9  lcd_envia_nibble
0     52   0   3   176  2.7  lcd_envia_byte
0    104   1   3   433  4.3  lcd_ini
0     36   0   4   186  5.5  lcd_pos_xy
0     70   0   1   290  4.1  lcd_escreve
0      8   0   0    17  1.3  RTCC_isr
0    576   3   4  1105  5.7  MAIN
0     44   0   0             @const400
0     54   0   2             @ITOF
0    242   1  11             @MULFF
0     58   0   0             @const406
0     62   0   5             @FTOSD
0    122   1  13             @DIV3232
0    382   2  13             @PRINTF_L32D_371FPFPF
0    236   1   9             @PRINTF_LD_371
0    810   5   7  1052  6.2  dadosUsb
0     52   0   0             @const417
0     40   0   3             @DIV88
0    102   1   2             @PRINTF_U_51
0    382   2  13             @PRINTF_L32D_51FPFPF
0     48   0   0    76  1.6  potenciometros
0    124   1   3   356  5.1  insereMemoria
0    100   1   7   305  1.9  data

Program metrics:
    Functions               61
    Statements              921
    Comments                2589
    Volume (V)              41279
    Difficilty (D)          241.9
    Effort to implement (E) 9985893
    Time to implement (T)   154 hours, 6 minutes
    Est Delivered Bugs (B)  15
    Cyclomatic Complexity   134
    Maintainability (MI)    62

 Segment     Used  Free
-----------  ----  ----
00000-00002     4  0  
00004-00006     0  4  
00008-000A8   162  0  
000AA-07FFE  8268  24330  



